# JRE version: OpenJDK Runtime Environment (8.0_162-b12) (build 1.8.0_162-8u162-b12-0ubuntu0.16.04.2-b12)
# Java VM: OpenJDK 64-Bit Server VM (25.162-b12 mixed mode linux-amd64 compressed oops)
Heap:
 PSYoungGen      total 8192K, used 2039K [0x00000000eb700000, 0x00000000ec700000, 0x0000000100000000)
  eden space 6144K, 0% used [0x00000000eb700000,0x00000000eb700000,0x00000000ebd00000)
  from space 2048K, 99% used [0x00000000ec500000,0x00000000ec6fddc8,0x00000000ec700000)
  to   space 512K, 0% used [0x00000000ebd00000,0x00000000ebd00000,0x00000000ebd80000)
 ParOldGen       total 5632K, used 3611K [0x00000000c2400000, 0x00000000c2980000, 0x00000000eb700000)
  object space 5632K, 64% used [0x00000000c2400000,0x00000000c2786d58,0x00000000c2980000)
 Metaspace       used 7446K, capacity 8308K, committed 8576K, reserved 1056768K
  class space    used 865K, capacity 880K, committed 896K, reserved 1048576K
GC Heap History (10 events):
Event: 0.549 GC heap after
Heap after GC invocations=1 (full 0):
 PSYoungGen      total 2048K, used 512K [0x00000000eb700000, 0x00000000ebb00000, 0x0000000100000000)
  eden space 1536K, 0% used [0x00000000eb700000,0x00000000eb700000,0x00000000eb880000)
  from space 512K, 100% used [0x00000000eb880000,0x00000000eb900000,0x00000000eb900000)
  to   space 512K, 0% used [0x00000000eba80000,0x00000000eba80000,0x00000000ebb00000)
 ParOldGen       total 5632K, used 8K [0x00000000c2400000, 0x00000000c2980000, 0x00000000eb700000)
  object space 5632K, 0% used [0x00000000c2400000,0x00000000c2402000,0x00000000c2980000)
 Metaspace       used 3217K, capacity 4812K, committed 5120K, reserved 1056768K
  class space    used 355K, capacity 456K, committed 512K, reserved 1048576K
}
Event: 1.130 GC heap before
{Heap before GC invocations=2 (full 0):
 PSYoungGen      total 2048K, used 2048K [0x00000000eb700000, 0x00000000ebb00000, 0x0000000100000000)
  eden space 1536K, 100% used [0x00000000eb700000,0x00000000eb880000,0x00000000eb880000)
  from space 512K, 100% used [0x00000000eb880000,0x00000000eb900000,0x00000000eb900000)
  to   space 512K, 0% used [0x00000000eba80000,0x00000000eba80000,0x00000000ebb00000)
 ParOldGen       total 5632K, used 8K [0x00000000c2400000, 0x00000000c2980000, 0x00000000eb700000)
  object space 5632K, 0% used [0x00000000c2400000,0x00000000c2402000,0x00000000c2980000)
 Metaspace       used 3930K, capacity 5228K, committed 5376K, reserved 1056768K
  class space    used 447K, capacity 488K, committed 512K, reserved 1048576K
Event: 1.234 GC heap after
Heap after GC invocations=2 (full 0):
 PSYoungGen      total 3584K, used 480K [0x00000000eb700000, 0x00000000ebb00000, 0x0000000100000000)
  eden space 3072K, 0% used [0x00000000eb700000,0x00000000eb700000,0x00000000eba00000)
  from space 512K, 93% used [0x00000000eba80000,0x00000000ebaf8020,0x00000000ebb00000)
  to   space 512K, 0% used [0x00000000eba00000,0x00000000eba00000,0x00000000eba80000)
 ParOldGen       total 5632K, used 68K [0x00000000c2400000, 0x00000000c2980000, 0x00000000eb700000)
  object space 5632K, 1% used [0x00000000c2400000,0x00000000c2411030,0x00000000c2980000)
 Metaspace       used 3930K, capacity 5228K, committed 5376K, reserved 1056768K
  class space    used 447K, capacity 488K, committed 512K, reserved 1048576K
}
Event: 1.776 GC heap before
{Heap before GC invocations=3 (full 0):
 PSYoungGen      total 3584K, used 3533K [0x00000000eb700000, 0x00000000ebb00000, 0x0000000100000000)
  eden space 3072K, 99% used [0x00000000eb700000,0x00000000eb9fb690,0x00000000eba00000)
  from space 512K, 93% used [0x00000000eba80000,0x00000000ebaf8020,0x00000000ebb00000)
  to   space 512K, 0% used [0x00000000eba00000,0x00000000eba00000,0x00000000eba80000)
 ParOldGen       total 5632K, used 68K [0x00000000c2400000, 0x00000000c2980000, 0x00000000eb700000)
  object space 5632K, 1% used [0x00000000c2400000,0x00000000c2411030,0x00000000c2980000)
 Metaspace       used 4828K, capacity 6060K, committed 6272K, reserved 1056768K
  class space    used 568K, capacity 616K, committed 640K, reserved 1048576K
Event: 1.785 GC heap after
Heap after GC invocations=3 (full 0):
 PSYoungGen      total 3584K, used 495K [0x00000000eb700000, 0x00000000ebe00000, 0x0000000100000000)
  eden space 3072K, 0% used [0x00000000eb700000,0x00000000eb700000,0x00000000eba00000)
  from space 512K, 96% used [0x00000000eba00000,0x00000000eba7bc40,0x00000000eba80000)
  to   space 512K, 0% used [0x00000000ebd80000,0x00000000ebd80000,0x00000000ebe00000)
 ParOldGen       total 5632K, used 520K [0x00000000c2400000, 0x00000000c2980000, 0x00000000eb700000)
  object space 5632K, 9% used [0x00000000c2400000,0x00000000c2482070,0x00000000c2980000)
 Metaspace       used 4828K, capacity 6060K, committed 6272K, reserved 1056768K
  class space    used 568K, capacity 616K, committed 640K, reserved 1048576K
}
Event: 2.217 GC heap before
{Heap before GC invocations=4 (full 0):
 PSYoungGen      total 3584K, used 3567K [0x00000000eb700000, 0x00000000ebe00000, 0x0000000100000000)
  eden space 3072K, 100% used [0x00000000eb700000,0x00000000eba00000,0x00000000eba00000)
  from space 512K, 96% used [0x00000000eba00000,0x00000000eba7bc40,0x00000000eba80000)
  to   space 512K, 0% used [0x00000000ebd80000,0x00000000ebd80000,0x00000000ebe00000)
 ParOldGen       total 5632K, used 520K [0x00000000c2400000, 0x00000000c2980000, 0x00000000eb700000)
  object space 5632K, 9% used [0x00000000c2400000,0x00000000c2482070,0x00000000c2980000)
 Metaspace       used 5655K, capacity 6860K, committed 7168K, reserved 1056768K
  class space    used 690K, capacity 712K, committed 768K, reserved 1048576K
Event: 2.225 GC heap after
Heap after GC invocations=4 (full 0):
 PSYoungGen      total 6656K, used 496K [0x00000000eb700000, 0x00000000ebe00000, 0x0000000100000000)
  eden space 6144K, 0% used [0x00000000eb700000,0x00000000eb700000,0x00000000ebd00000)
  from space 512K, 96% used [0x00000000ebd80000,0x00000000ebdfc030,0x00000000ebe00000)
  to   space 512K, 0% used [0x00000000ebd00000,0x00000000ebd00000,0x00000000ebd80000)
 ParOldGen       total 5632K, used 616K [0x00000000c2400000, 0x00000000c2980000, 0x00000000eb700000)
  object space 5632K, 10% used [0x00000000c2400000,0x00000000c249a070,0x00000000c2980000)
 Metaspace       used 5655K, capacity 6860K, committed 7168K, reserved 1056768K
  class space    used 690K, capacity 712K, committed 768K, reserved 1048576K
}
Event: 4.691 GC heap before
{Heap before GC invocations=5 (full 0):
 PSYoungGen      total 6656K, used 6640K [0x00000000eb700000, 0x00000000ebe00000, 0x0000000100000000)
  eden space 6144K, 100% used [0x00000000eb700000,0x00000000ebd00000,0x00000000ebd00000)
  from space 512K, 96% used [0x00000000ebd80000,0x00000000ebdfc030,0x00000000ebe00000)
  to   space 512K, 0% used [0x00000000ebd00000,0x00000000ebd00000,0x00000000ebd80000)
 ParOldGen       total 5632K, used 616K [0x00000000c2400000, 0x00000000c2980000, 0x00000000eb700000)
  object space 5632K, 10% used [0x00000000c2400000,0x00000000c249a070,0x00000000c2980000)
 Metaspace       used 7384K, capacity 8244K, committed 8320K, reserved 1056768K
  class space    used 861K, capacity 880K, committed 896K, reserved 1048576K
Event: 4.873 GC heap after
Heap after GC invocations=5 (full 0):
 PSYoungGen      total 6656K, used 480K [0x00000000eb700000, 0x00000000ec700000, 0x0000000100000000)
  eden space 6144K, 0% used [0x00000000eb700000,0x00000000eb700000,0x00000000ebd00000)
  from space 512K, 93% used [0x00000000ebd00000,0x00000000ebd78020,0x00000000ebd80000)
  to   space 2048K, 0% used [0x00000000ec500000,0x00000000ec500000,0x00000000ec700000)
 ParOldGen       total 5632K, used 1879K [0x00000000c2400000, 0x00000000c2980000, 0x00000000eb700000)
  object space 5632K, 33% used [0x00000000c2400000,0x00000000c25d5d48,0x00000000c2980000)
 Metaspace       used 7384K, capacity 8244K, committed 8320K, reserved 1056768K
  class space    used 861K, capacity 880K, committed 896K, reserved 1048576K
}
Event: 21.424 GC heap before
{Heap before GC invocations=6 (full 0):
 PSYoungGen      total 6656K, used 6624K [0x00000000eb700000, 0x00000000ec700000, 0x0000000100000000)
  eden space 6144K, 100% used [0x00000000eb700000,0x00000000ebd00000,0x00000000ebd00000)
  from space 512K, 93% used [0x00000000ebd00000,0x00000000ebd78020,0x00000000ebd80000)
  to   space 2048K, 0% used [0x00000000ec500000,0x00000000ec500000,0x00000000ec700000)
 ParOldGen       total 5632K, used 1879K [0x00000000c2400000, 0x00000000c2980000, 0x00000000eb700000)
  object space 5632K, 33% used [0x00000000c2400000,0x00000000c25d5d48,0x00000000c2980000)
 Metaspace       used 7446K, capacity 8308K, committed 8576K, reserved 1056768K
  class space    used 865K, capacity 880K, committed 896K, reserved 1048576K

